[0m11:30:15.986351 [debug] [MainThread]: Sending event: {'category': 'dbt', 'action': 'invocation', 'label': 'start', 'context': [<snowplow_tracker.self_describing_json.SelfDescribingJson object at 0x10c6356a0>, <snowplow_tracker.self_describing_json.SelfDescribingJson object at 0x10d53b710>, <snowplow_tracker.self_describing_json.SelfDescribingJson object at 0x10d53b410>]}


============================== 11:30:16.019939 | 5bb458af-50dd-489c-b27c-90e8a4769773 ==============================
[0m11:30:16.019939 [info ] [MainThread]: Running with dbt=1.11.12
[0m11:30:16.020404 [debug] [MainThread]: running dbt with arguments {'profiles_dir': '/Users/shazam/.dbt', 'no_print': 'None', 'printer_width': '80', 'indirect_selection': 'eager', 'invocation_command': 'dbt init', 'static_parser': 'True', 'target_path': 'None', 'log_cache_events': 'False', 'empty': 'None', 'use_colors': 'True', 'introspect': 'True', 'use_experimental_parser': 'False', 'debug': 'False', 'partial_parse': 'True', 'send_anonymous_usage_stats': 'True', 'quiet': 'False', 'version_check': 'True', 'cache_selected_only': 'False', 'warn_error_options': 'WarnErrorOptionsV2(error=[], warn=[], silence=[])', 'warn_error': 'None', 'log_path': 'logs', 'fail_fast': 'False', 'log_format': 'default', 'write_json': 'True'}
[0m11:30:16.066803 [info ] [MainThread]: Creating dbt configuration folder at /Users/shazam/.dbt
[0m11:30:41.282456 [debug] [MainThread]: Starter project path: /Users/shazam/Documents/DataEngineering/deProject1_dbt/.venv/lib/python3.12/site-packages/dbt/include/starter_project
[0m11:30:41.293099 [info ] [MainThread]: 
Your new dbt project "walmart_project" was created!

For more information on how to configure the profiles.yml file,
please consult the dbt documentation here:

  https://docs.getdbt.com/docs/configure-your-profile

One more thing:

Need help? Don't hesitate to reach out to us via GitHub issues or on Slack:

  https://community.getdbt.com/

Happy modeling!

[0m11:30:41.293535 [info ] [MainThread]: Setting up your profile.
[0m11:31:14.736217 [debug] [MainThread]: Spark adapter: Setting pyhive.hive logging to ERROR
[0m11:31:14.736630 [debug] [MainThread]: Spark adapter: Setting thrift.transport logging to ERROR
[0m11:31:14.736881 [debug] [MainThread]: Spark adapter: Setting thrift.protocol logging to ERROR
[0m11:36:39.246660 [info ] [MainThread]: Profile walmart_project written to /Users/shazam/.dbt/profiles.yml using target's profile_template.yml and your supplied values. Run 'dbt debug' to validate the connection.
[0m11:36:39.248948 [debug] [MainThread]: Resource report: {"command_name": "init", "command_success": true, "command_wall_clock_time": 383.3226, "process_in_blocks": "0", "process_kernel_time": 1.077577, "process_mem_max_rss": "313212928", "process_out_blocks": "0", "process_user_time": 5.768863}
[0m11:36:39.251096 [debug] [MainThread]: Command `dbt init` succeeded at 11:36:39.250843 after 383.32 seconds
[0m11:36:39.251840 [debug] [MainThread]: Sending event: {'category': 'dbt', 'action': 'invocation', 'label': 'end', 'context': [<snowplow_tracker.self_describing_json.SelfDescribingJson object at 0x10549f2c0>, <snowplow_tracker.self_describing_json.SelfDescribingJson object at 0x113edf200>, <snowplow_tracker.self_describing_json.SelfDescribingJson object at 0x1119bc1d0>]}
[0m11:36:39.252537 [debug] [MainThread]: Flushing usage events
[0m11:36:41.564072 [debug] [MainThread]: An error was encountered while trying to flush usage events
